Arguments: 
  /usr/local/bin/node /usr/local/Cellar/yarn/1.22.0/libexec/bin/yarn.js link

PATH: 
  /Users/ognyanchikov/Downloads/google-cloud-sdk/bin:/Users/ognyanchikov/.npm-global/bin:/usr/local/opt/icu4c/sbin:/usr/local/opt/icu4c/bin:/usr/local/opt/icu4c/bin:/usr/local/bin:/usr/bin:/bin:/usr/sbin:/sbin:/Users/ognyanchikov/Downloads/google-cloud-sdk/bin:/Users/ognyanchikov/.npm-global/bin:/usr/local/opt/icu4c/sbin:/usr/local/opt/icu4c/bin

Yarn version: 
  1.22.0

Node version: 
  12.14.0

Platform: 
  darwin x64

Trace: 
  Error: EACCES: permission denied, mkdir '/Users/ognyanchikov/.config/yarn'

npm manifest: 
  {
    "name": "ethereum-transaction-debugger",
    "version": "0.0.4",
    "description": "",
    "main": "dist/debugger.js",
    "scripts": {
      "prepare": "npm run build",
      "build": "webpack --config webpack/webpack.config.js"
    },
    "repository": {
      "type": "git",
      "url": "https://github.com/LimeChain/ethereum-transaction-debugger"
    },
    "author": "http://www.limechain.tech",
    "license": "ISC",
    "dependencies": {
      "fast-levenshtein": "^2.0.6",
      "json-pointer": "^0.6.0",
      "json-stable-stringify": "^1.0.1",
      "node-interval-tree": "^1.3.3",
      "redux": "^3.7.2",
      "redux-cli-logger": "^2.0.1",
      "redux-saga": "1.0.0",
      "remote-redux-devtools": "^0.5.12",
      "reselect-tree": "^1.3.0",
      "safe-eval": "^0.4.1",
      "truffle-code-utils": "1.1.4",
      "truffle-decode-utils": "1.0.4",
      "truffle-decoder": "2.0.1",
      "truffle-solidity-utils": "1.2.2",
      "ethers": "^4.0.27",
      "bn.js": "^4.11.8",
      "debug": "^4.1.0"
    },
    "devDependencies": {
      "async": "2.6.1",
      "babel-core": "^6.26.0",
      "babel-loader": "^7.1.2",
      "babel-plugin-transform-object-rest-spread": "^6.26.0",
      "babel-plugin-transform-runtime": "^6.23.0",
      "babel-preset-env": "^1.6.1",
      "babel-runtime": "^6.26.0",
      "change-case": "^3.0.2",
      "faker": "^4.1.0",
      "fs-extra": "6.0.1",
      "mocha": "5.2.0",
      "mocha-webpack": "^1.1.0",
      "node-interval-tree": "^1.3.3",
      "nyc": "^13.0.1",
      "webpack": "^3.8.1",
      "webpack-dev-middleware": "^2.0.4",
      "webpack-merge": "^4.1.1",
      "webpack-node-externals": "^1.6.0",
      "write-file-webpack-plugin": "^4.2.0"
    }
  }

yarn manifest: 
  No manifest

Lockfile: 
  No lockfile
